<?xml version="1.0" encoding="UTF-8"?>
<testng-results ignored="0" total="1" passed="1" failed="0" skipped="0">
  <reporter-output>
    <line>
      <![CDATA[My Test Case got passed]]>
    </line>
  </reporter-output>
  <suite started-at="2025-05-13T18:19:31 IST" name="Default suite" finished-at="2025-05-13T18:20:19 IST" duration-ms="47423">
    <groups>
      <group name="sanity">
        <method signature="RecordPatientConditionsTest.recordPatientCondition()[pri:3, instance:testClasses.RecordPatientConditionsTest@1972e513]" name="recordPatientCondition" class="testClasses.RecordPatientConditionsTest"/>
      </group> <!-- sanity -->
    </groups>
    <test started-at="2025-05-13T18:19:31 IST" name="Default test" finished-at="2025-05-13T18:20:19 IST" duration-ms="47423">
      <class name="testClasses.RecordPatientConditionsTest">
        <test-method is-config="true" signature="openBrowser()[pri:0, instance:testClasses.RecordPatientConditionsTest@1972e513]" started-at="2025-05-13T18:19:31 IST" name="openBrowser" finished-at="2025-05-13T18:19:40 IST" duration-ms="8936" status="PASS">
          <reporter-output>
          </reporter-output>
        </test-method> <!-- openBrowser -->
        <test-method signature="recordPatientCondition()[pri:3, instance:testClasses.RecordPatientConditionsTest@1972e513]" started-at="2025-05-13T18:19:40 IST" name="recordPatientCondition" finished-at="2025-05-13T18:20:16 IST" duration-ms="35499" status="PASS">
          <reporter-output>
            <line>
              <![CDATA[My Test Case got passed]]>
            </line>
          </reporter-output>
        </test-method> <!-- recordPatientCondition -->
        <test-method is-config="true" signature="closeBrowser()[pri:0, instance:testClasses.RecordPatientConditionsTest@1972e513]" started-at="2025-05-13T18:20:16 IST" name="closeBrowser" finished-at="2025-05-13T18:20:19 IST" duration-ms="2558" status="PASS">
          <reporter-output>
          </reporter-output>
        </test-method> <!-- closeBrowser -->
      </class> <!-- testClasses.RecordPatientConditionsTest -->
    </test> <!-- Default test -->
  </suite> <!-- Default suite -->
</testng-results>
