<?xml version="1.0" encoding="UTF-8"?>
<!-- Generated by org.testng.reporters.JUnitXMLReporter -->
<testsuite ignored="1" hostname="SantoshPatil-09032022" failures="0" tests="3" name="Test" time="80.74" errors="0" timestamp="2025-05-06T23:42:05 IST">
  <testcase classname="testClasses.LoginTest" name="executeLoginTest" time="12.16"/>
  <testcase classname="testClasses.RegisterPatientTest" name="addPatient" time="41.948"/>
  <testcase classname="testClasses.Extent_Report" name="demoTest" time="0.015"/>
  <testcase classname="utilities.BaseClass" name="@AfterTest closeBrowser" time="0.0">
    <ignored/>
  </testcase> <!-- @AfterTest closeBrowser -->
</testsuite> <!-- Test -->
