<?xml version="1.0" encoding="UTF-8"?>
<!-- Generated by org.testng.reporters.JUnitXMLReporter -->
<testsuite ignored="1" hostname="SantoshPatil-09032022" failures="0" tests="3" name="TestNgGroups" time="73.762" errors="0" timestamp="2025-05-12T02:50:28 IST">
  <testcase classname="testClasses.RecordPatientVitalsTest" name="addPatientVitals" time="26.131"/>
  <testcase classname="testClasses.RecordPatientConditionsTest" name="recordPatientCondition" time="27.598"/>
  <testcase classname="testClasses.Extent_Report" name="demoTest" time="0.012"/>
  <testcase classname="utilities.BaseClass" name="@AfterTest closeBrowser" time="0.0">
    <ignored/>
  </testcase> <!-- @AfterTest closeBrowser -->
</testsuite> <!-- TestNgGroups -->
