

<!DOCTYPE html>
<html>
<head>
<meta charset="UTF-8">
<meta name="viewport" content="width=device-width, initial-scale=1, shrink-to-fit=no">
<title></title>
<link rel="apple-touch-icon" href="https://cdn.jsdelivr.net/gh/extent-framework/extent-github-cdn@b00a2d0486596e73dd7326beacf352c639623a0e/commons/img/logo.png">
<link rel="shortcut icon" href="https://cdn.jsdelivr.net/gh/extent-framework/extent-github-cdn@b00a2d0486596e73dd7326beacf352c639623a0e/commons/img/logo.png">
<link href="https://cdn.jsdelivr.net/gh/extent-framework/extent-github-cdn@d6562a79075e061305ccfdb82f01e5e195e2d307/spark/css/spark-style.css" rel="stylesheet" />
<link href="https://stackpath.bootstrapcdn.com/font-awesome/4.7.0/css/font-awesome.min.css" rel="stylesheet">
<script src="https://cdn.jsdelivr.net/gh/extent-framework/extent-github-cdn@7cc78ce/spark/js/jsontree.js"></script>
<style type="text/css"></style></head><body class="spa bdd-report standard">
  <div class="app">
    <div class="layout">
<div class="header navbar">
<div class="vheader">
<div class="nav-logo">
<a href="#">
<div class="logo" style="background-image: url('https://cdn.jsdelivr.net/gh/extent-framework/extent-github-cdn@b00a2d0486596e73dd7326beacf352c639623a0e/commons/img/logo.png')"></div>
</a>
</div>
<ul class="nav-left">
<li class="search-box">
<a class="search-toggle" href="#">
<i class="search-icon fa fa-search"></i>
<i class="search-icon-close fa fa-close"></i>
</a>
</li>
<li class="search-input"><input id="search-tests" class="form-control" type="text" placeholder="Search..."></li>
</ul>
<ul class="nav-right">
<li class="m-r-10">
<a href="#"><span class="badge badge-primary"></span></a>
</li>
<li class="m-r-10">
<a href="#"><span class="badge badge-primary">Apr 24, 2025 11:21:21 pm</span></a>
</li>
</ul>
</div>
</div><div class="side-nav">
<div class="side-nav-inner">
<ul class="side-nav-menu">
<li class="nav-item dropdown" onclick="toggleView('test-view')">
<a id="nav-test" class="dropdown-toggle" href="#">
<span class="ico"><i class="fa fa-list"></i></span>
</a>
</li>
<li class="nav-item dropdown" onclick="toggleView('exception-view')">
<a id="nav-exception" class="dropdown-toggle" href="#">
<span class="ico"><i class="fa fa-bug"></i></span>
</a>
</li>
<li class="nav-item dropdown" onclick="toggleView('dashboard-view')">
<a id="nav-dashboard" class="dropdown-toggle" href="#">
<span class="ico"><i class="fa fa-bar-chart"></i></span>
</a>
</li>
</ul>
</div>
</div>      <div class="vcontainer">
        <div class="main-content">
<div class="test-wrapper row view test-view">
  <div class="test-list">
    <div class="test-list-tools">
<ul class="tools pull-left">
<li><a href="#"><span class="font-size-14">Tests</span></a></li>
</ul>
<ul class="tools text-right">
<li class="dropdown">
<a href="#" class="dropdown-toggle" data-toggle="dropdown"><i class="fa fa-exclamation-circle"></i></a>
<ul id="status-toggle" class="dropdown-menu dropdown-md p-v-0">
<a class="dropdown-item" status="pass" href="#"><span>Pass</span><span class="status success"></span></a>
<a class="dropdown-item" status="fail" href="#"><span>Fail</span><span class="status danger"></span></a>
<div class="dropdown-divider"></div>
<a status="clear" class="dropdown-item" href="#"><span>Clear</span><span class="pull-right"><i class="fa fa-close"></i></span></a>
</ul>
</li>
</ul>
</div>    <div class="test-list-wrapper scrollable">
      <ul class="test-list-item">
        <li class="test-item"  status="fail" test-id="1"
          author=""
          tag=""
          device="">
          <div class="test-detail">
            <p class="name">Validate Account Detail Functionality of GrotechMinds Banking Application</p>
            <p class="text-sm">
              <span>11:21:22 pm</span> / <span>00:00:50:461</span>
              <span class="badge fail-bg log float-right">Fail</span>
            </p>
          </div>
          <div class="test-contents d-none">
<div class="detail-head">
<div class="p-v-10">
<div class="info">
<h5 class="test-status text-fail">Validate Account Detail Functionality of GrotechMinds Banking Application</h5>
<span class='badge badge-success'>04.24.2025 11:21:22 pm</span>
<span class='badge badge-danger'>04.24.2025 11:22:12 pm</span>
<span class='badge badge-default'>00:00:50:461</span>
&middot; <span class='uri-anchor badge badge-default'>#test-id=1</span>
<span class='badge badge-default pointer float-right ml-1 et'><i class="fa fa-chevron-down"></i></span>
<span class='badge badge-default pointer float-right ct'><i class="fa fa-chevron-up"></i></span>
</div>
<div class="m-t-10 m-l-5"></div>
</div>
</div>
<div class="accordion mt-4">
  <div class="card">
    <div class="card-header" role="tab">
      <div class="card-title">
        <div class="node" id="2"><span class="badge log fail-bg mr-2">Fail</span>Validate Account Detail functionality in GrotechMinds Banking Application</div>
      </div>
    </div>
        <div class="scenario_outline ">
            <div class="card-body l1">
              <div class="card-header">
                <div class="card-title outline-child">
                  <div class="node" id="3"><span class="badge log fail-bg mr-2">Fail</span>Validate Account Detail functionality in GrotechMinds Banking Application</div>
                </div>
              </div>
              <div class="card-body mt-3 ">
                  <div class="step pass-bg">
                    <span>Given user open the url for banking application</span>
      <div>
      </div>
                  </div>
                  <div class="step pass-bg">
                    <span>And user clicks on Account Detail Button in Webpage</span>
      <div>
      </div>
                  </div>
                  <div class="step fail-bg">
                    <span>And user selects the Customer Name</span>
      <div>
        <textarea disabled class="code-block">org.openqa.selenium.NoSuchSessionException: invalid session id: session deleted as the browser has closed the connection
from disconnected: not connected to DevTools
  (Session info: chrome=135.0.7049.97)
Build info: version: '4.18.1', revision: 'b1d3319b48'
System info: os.name: 'Windows 10', os.arch: 'amd64', os.version: '10.0', java.version: '17.0.1'
Driver info: org.openqa.selenium.chrome.ChromeDriver
Command: [ae9ccba04673b4323c7a945270168712, findElement {value=//select[@id='collection_comp-m8swuunx'], using=xpath}]
Capabilities {acceptInsecureCerts: false, browserName: chrome, browserVersion: 135.0.7049.97, chrome: {chromedriverVersion: 135.0.7049.114 (63fd8a7d9d0..., userDataDir: C:\Users\saanv\AppData\Loca...}, fedcm:accounts: true, goog:chromeOptions: {debuggerAddress: localhost:50124}, networkConnectionEnabled: false, pageLoadStrategy: normal, platformName: windows, proxy: Proxy(), se:cdp: ws://localhost:50124/devtoo..., se:cdpVersion: 135.0.7049.97, setWindowRect: true, strictFileInteractability: false, timeouts: {implicit: 0, pageLoad: 300000, script: 30000}, unhandledPromptBehavior: dismiss and notify, webauthn:extension:credBlob: true, webauthn:extension:largeBlob: true, webauthn:extension:minPinLength: true, webauthn:extension:prf: true, webauthn:virtualAuthenticators: true}
Session ID: ae9ccba04673b4323c7a945270168712
	at java.base/jdk.internal.reflect.NativeConstructorAccessorImpl.newInstance0(Native Method)
	at java.base/jdk.internal.reflect.NativeConstructorAccessorImpl.newInstance(NativeConstructorAccessorImpl.java:77)
	at java.base/jdk.internal.reflect.DelegatingConstructorAccessorImpl.newInstance(DelegatingConstructorAccessorImpl.java:45)
	at java.base/java.lang.reflect.Constructor.newInstanceWithCaller(Constructor.java:499)
	at java.base/java.lang.reflect.Constructor.newInstance(Constructor.java:480)
	at org.openqa.selenium.remote.ErrorCodec.decode(ErrorCodec.java:167)
	at org.openqa.selenium.remote.codec.w3c.W3CHttpResponseCodec.decode(W3CHttpResponseCodec.java:138)
	at org.openqa.selenium.remote.codec.w3c.W3CHttpResponseCodec.decode(W3CHttpResponseCodec.java:50)
	at org.openqa.selenium.remote.HttpCommandExecutor.execute(HttpCommandExecutor.java:190)
	at org.openqa.selenium.remote.service.DriverCommandExecutor.invokeExecute(DriverCommandExecutor.java:216)
	at org.openqa.selenium.remote.service.DriverCommandExecutor.execute(DriverCommandExecutor.java:174)
	at org.openqa.selenium.remote.RemoteWebDriver.execute(RemoteWebDriver.java:519)
	at org.openqa.selenium.remote.ElementLocation$ElementFinder$2.findElement(ElementLocation.java:165)
	at org.openqa.selenium.remote.ElementLocation.findElement(ElementLocation.java:59)
	at org.openqa.selenium.remote.RemoteWebDriver.findElement(RemoteWebDriver.java:356)
	at org.openqa.selenium.remote.RemoteWebDriver.findElement(RemoteWebDriver.java:350)
	at org.openqa.selenium.support.pagefactory.DefaultElementLocator.findElement(DefaultElementLocator.java:68)
	at org.openqa.selenium.support.pagefactory.internal.LocatingElementHandler.invoke(LocatingElementHandler.java:38)
	at jdk.proxy2/jdk.proxy2.$Proxy20.isDisplayed(Unknown Source)
	at org.openqa.selenium.support.ui.ExpectedConditions.elementIfVisible(ExpectedConditions.java:304)
	at org.openqa.selenium.support.ui.ExpectedConditions$10.apply(ExpectedConditions.java:290)
	at org.openqa.selenium.support.ui.ExpectedConditions$10.apply(ExpectedConditions.java:287)
	at org.openqa.selenium.support.ui.FluentWait.until(FluentWait.java:203)
	at Utilities.BaseClass.waitForElementVisible(BaseClass.java:90)
	at PageClasses.AccountDetailsPage.selectDropdownOptionByIndex(AccountDetailsPage.java:47)
	at StepDefinition3.StepDefinition2.user_selects_the_customer_name(StepDefinition2.java:307)
	at ✽.user selects the Customer Name(file:///C:/Users/saanv/eclipse-workspace/Kavita_GroTechMindsBankingProject/BDD_Cucumber_BankingProject/src/test/java/FeatureFiles2/AccountdetailScenario.feature:6)
</textarea>
      
      </div>
                  </div>
                  <div class="step skip-bg">
                    <span>When user clicks on the Login button</span>
      <div>Step skipped
      </div>
                  </div>
              </div>
            </div>
        </div>
  </div>
</div>
          </div>
        </li>
        <li class="test-item"  status="pass" test-id="8"
          author=""
          tag=""
          device="">
          <div class="test-detail">
            <p class="name">Validate ContactsUs Functionality of GrotechMinds Banking Application</p>
            <p class="text-sm">
              <span>11:22:13 pm</span> / <span>00:00:44:317</span>
              <span class="badge pass-bg log float-right">Pass</span>
            </p>
          </div>
          <div class="test-contents d-none">
<div class="detail-head">
<div class="p-v-10">
<div class="info">
<h5 class="test-status text-pass">Validate ContactsUs Functionality of GrotechMinds Banking Application</h5>
<span class='badge badge-success'>04.24.2025 11:22:13 pm</span>
<span class='badge badge-danger'>04.24.2025 11:22:57 pm</span>
<span class='badge badge-default'>00:00:44:317</span>
&middot; <span class='uri-anchor badge badge-default'>#test-id=8</span>
<span class='badge badge-default pointer float-right ml-1 et'><i class="fa fa-chevron-down"></i></span>
<span class='badge badge-default pointer float-right ct'><i class="fa fa-chevron-up"></i></span>
</div>
<div class="m-t-10 m-l-5"></div>
</div>
</div>
<div class="accordion mt-4">
  <div class="card">
    <div class="card-header" role="tab">
      <div class="card-title">
        <div class="node" id="9"><span class="badge log pass-bg mr-2">Pass</span>Validate ContactsUs functionality in GrotechMinds Banking Application</div>
      </div>
    </div>
        <div class="scenario_outline collapse">
            <div class="card-body l1">
              <div class="card-header">
                <div class="card-title outline-child">
                  <div class="node" id="10"><span class="badge log pass-bg mr-2">Pass</span>Validate ContactsUs functionality in GrotechMinds Banking Application</div>
                </div>
              </div>
              <div class="card-body mt-3 collapse">
                  <div class="step pass-bg">
                    <span>Given user open the url for banking application</span>
      <div>
      </div>
                  </div>
                  <div class="step pass-bg">
                    <span>And user clicks on ContactsUs Button in Webpage</span>
      <div>
      </div>
                  </div>
                  <div class="step pass-bg">
                    <span>And user enters the username as "Kavita"</span>
      <div>
      </div>
                  </div>
                  <div class="step pass-bg">
                    <span>And user enters the email as "test123"</span>
      <div>
      </div>
                  </div>
                  <div class="step pass-bg">
                    <span>And user enters the phoneNum as "8884431316"</span>
      <div>
      </div>
                  </div>
                  <div class="step pass-bg">
                    <span>And user enters the address as "Bengaluru"</span>
      <div>
      </div>
                  </div>
                  <div class="step pass-bg">
                    <span>And user enters the country as "India"</span>
      <div>
      </div>
                  </div>
                  <div class="step pass-bg">
                    <span>And user enters the zipCode as "585608"</span>
      <div>
      </div>
                  </div>
                  <div class="step pass-bg">
                    <span>When user clicks on Button Submit</span>
      <div>
      </div>
                  </div>
                  <div class="step pass-bg">
                    <span>Then validate that user able to submit succesfully</span>
      <div>
      </div>
                  </div>
                  <div class="step pass-bg">
                    <span>And also verify that the Title of the ContactsUs page is shown proper</span>
      <div>
      </div>
                  </div>
              </div>
            </div>
        </div>
  </div>
</div>
          </div>
        </li>
        <li class="test-item"  status="pass" test-id="22"
          author=""
          tag=""
          device="">
          <div class="test-detail">
            <p class="name">Validate Forgot password Functionality of GrotechMinds Banking Application</p>
            <p class="text-sm">
              <span>11:22:57 pm</span> / <span>00:00:31:622</span>
              <span class="badge pass-bg log float-right">Pass</span>
            </p>
          </div>
          <div class="test-contents d-none">
<div class="detail-head">
<div class="p-v-10">
<div class="info">
<h5 class="test-status text-pass">Validate Forgot password Functionality of GrotechMinds Banking Application</h5>
<span class='badge badge-success'>04.24.2025 11:22:57 pm</span>
<span class='badge badge-danger'>04.24.2025 11:23:29 pm</span>
<span class='badge badge-default'>00:00:31:622</span>
&middot; <span class='uri-anchor badge badge-default'>#test-id=22</span>
<span class='badge badge-default pointer float-right ml-1 et'><i class="fa fa-chevron-down"></i></span>
<span class='badge badge-default pointer float-right ct'><i class="fa fa-chevron-up"></i></span>
</div>
<div class="m-t-10 m-l-5"></div>
</div>
</div>
<div class="accordion mt-4">
  <div class="card">
    <div class="card-header" role="tab">
      <div class="card-title">
        <div class="node" id="23"><span class="badge log pass-bg mr-2">Pass</span>Validate Forgot password functionality in GrotechMinds Banking Application</div>
      </div>
    </div>
        <div class="scenario_outline collapse">
            <div class="card-body l1">
              <div class="card-header">
                <div class="card-title outline-child">
                  <div class="node" id="24"><span class="badge log pass-bg mr-2">Pass</span>Validate Forgot password functionality in GrotechMinds Banking Application</div>
                </div>
              </div>
              <div class="card-body mt-3 collapse">
                  <div class="step pass-bg">
                    <span>Given user clicks on the forgot password link Button</span>
      <div>
      </div>
                  </div>
                  <div class="step pass-bg">
                    <span>And user enters email id as "Kavita"</span>
      <div>
      </div>
                  </div>
                  <div class="step pass-bg">
                    <span>And user enters mobile number as "Test@1234"</span>
      <div>
      </div>
                  </div>
                  <div class="step pass-bg">
                    <span>When user clicks on Reset button</span>
      <div>
      </div>
                  </div>
                  <div class="step pass-bg">
                    <span>Then validate that user able to reset forgot password succesfully</span>
      <div>
      </div>
                  </div>
                  <div class="step pass-bg">
                    <span>And also verify that the Title of the forgot password page is shown proper</span>
      <div>
      </div>
                  </div>
              </div>
            </div>
        </div>
  </div>
</div>
          </div>
        </li>
        <li class="test-item"  status="fail" test-id="31"
          author=""
          tag=""
          device="">
          <div class="test-detail">
            <p class="name">Validate Login Functionality of GrotechMinds Banking Application</p>
            <p class="text-sm">
              <span>11:23:29 pm</span> / <span>00:00:35:766</span>
              <span class="badge fail-bg log float-right">Fail</span>
            </p>
          </div>
          <div class="test-contents d-none">
<div class="detail-head">
<div class="p-v-10">
<div class="info">
<h5 class="test-status text-fail">Validate Login Functionality of GrotechMinds Banking Application</h5>
<span class='badge badge-success'>04.24.2025 11:23:29 pm</span>
<span class='badge badge-danger'>04.24.2025 11:24:04 pm</span>
<span class='badge badge-default'>00:00:35:766</span>
&middot; <span class='uri-anchor badge badge-default'>#test-id=31</span>
<span class='badge badge-default pointer float-right ml-1 et'><i class="fa fa-chevron-down"></i></span>
<span class='badge badge-default pointer float-right ct'><i class="fa fa-chevron-up"></i></span>
</div>
<div class="m-t-10 m-l-5"></div>
</div>
</div>
<div class="accordion mt-4">
  <div class="card">
    <div class="card-header" role="tab">
      <div class="card-title">
        <div class="node" id="32"><span class="badge log fail-bg mr-2">Fail</span>Validate Login functionality in GrotechMinds Banking Application</div>
      </div>
    </div>
        <div class="scenario_outline ">
            <div class="card-body l1">
              <div class="card-header">
                <div class="card-title outline-child">
                  <div class="node" id="33"><span class="badge log fail-bg mr-2">Fail</span>Validate Login functionality in GrotechMinds Banking Application</div>
                </div>
              </div>
              <div class="card-body mt-3 ">
                  <div class="step pass-bg">
                    <span>Given user open the url for banking application</span>
      <div>
      </div>
                  </div>
                  <div class="step pass-bg">
                    <span>And user clicks on Login Button in Webpage</span>
      <div>
      </div>
                  </div>
                  <div class="step pass-bg">
                    <span>And user enters the uname as "Kavita"</span>
      <div>
      </div>
                  </div>
                  <div class="step pass-bg">
                    <span>And user enters the pwd as "Test@1234"</span>
      <div>
      </div>
                  </div>
                  <div class="step pass-bg">
                    <span>When user clicks on Login button</span>
      <div>
      </div>
                  </div>
                  <div class="step fail-bg">
                    <span>Then validate that user able to login succesfully</span>
      <div>
        <textarea disabled class="code-block">org.openqa.selenium.TimeoutException: Expected condition failed: waiting for text ('Thank you!') to be present in element found by By.cssSelector: div.js-successbox.t-form__successbox (tried for 30 second(s) with 500 milliseconds interval)
Build info: version: '4.18.1', revision: 'b1d3319b48'
System info: os.name: 'Windows 10', os.arch: 'amd64', os.version: '10.0', java.version: '17.0.1'
Driver info: org.openqa.selenium.chrome.ChromeDriver
Capabilities {acceptInsecureCerts: false, browserName: chrome, browserVersion: 135.0.7049.97, chrome: {chromedriverVersion: 135.0.7049.114 (63fd8a7d9d0..., userDataDir: C:\Users\saanv\AppData\Loca...}, fedcm:accounts: true, goog:chromeOptions: {debuggerAddress: localhost:50311}, networkConnectionEnabled: false, pageLoadStrategy: normal, platformName: windows, proxy: Proxy(), se:cdp: ws://localhost:50311/devtoo..., se:cdpVersion: 135.0.7049.97, setWindowRect: true, strictFileInteractability: false, timeouts: {implicit: 0, pageLoad: 300000, script: 30000}, unhandledPromptBehavior: dismiss and notify, webauthn:extension:credBlob: true, webauthn:extension:largeBlob: true, webauthn:extension:minPinLength: true, webauthn:extension:prf: true, webauthn:virtualAuthenticators: true}
Session ID: 7fcf0fec125423040dd65357e5d36857
	at org.openqa.selenium.support.ui.WebDriverWait.timeoutException(WebDriverWait.java:84)
	at org.openqa.selenium.support.ui.FluentWait.until(FluentWait.java:228)
	at StepDefinition3.StepDefinition2.validate_that_user_able_to_login_succesfully(StepDefinition2.java:183)
	at ✽.validate that user able to login succesfully(file:///C:/Users/saanv/eclipse-workspace/Kavita_GroTechMindsBankingProject/BDD_Cucumber_BankingProject/src/test/java/FeatureFiles2/LoginScenario.feature:9)
</textarea>
      
      </div>
                  </div>
                  <div class="step skip-bg">
                    <span>And also verify that the Title of the Login page is shown proper</span>
      <div>Step skipped
      </div>
                  </div>
              </div>
            </div>
        </div>
  </div>
</div>
          </div>
        </li>
        <li class="test-item"  status="fail" test-id="41"
          author=""
          tag=""
          device="">
          <div class="test-detail">
            <p class="name">Validate SignUp Functionality of GrotechMinds Banking Application</p>
            <p class="text-sm">
              <span>11:24:04 pm</span> / <span>00:00:46:273</span>
              <span class="badge fail-bg log float-right">Fail</span>
            </p>
          </div>
          <div class="test-contents d-none">
<div class="detail-head">
<div class="p-v-10">
<div class="info">
<h5 class="test-status text-fail">Validate SignUp Functionality of GrotechMinds Banking Application</h5>
<span class='badge badge-success'>04.24.2025 11:24:04 pm</span>
<span class='badge badge-danger'>04.24.2025 11:24:51 pm</span>
<span class='badge badge-default'>00:00:46:273</span>
&middot; <span class='uri-anchor badge badge-default'>#test-id=41</span>
<span class='badge badge-default pointer float-right ml-1 et'><i class="fa fa-chevron-down"></i></span>
<span class='badge badge-default pointer float-right ct'><i class="fa fa-chevron-up"></i></span>
</div>
<div class="m-t-10 m-l-5"></div>
</div>
</div>
<div class="accordion mt-4">
  <div class="card">
    <div class="card-header" role="tab">
      <div class="card-title">
        <div class="node" id="42"><span class="badge log fail-bg mr-2">Fail</span>Validate signup functionality in GrotechMinds Banking Application</div>
      </div>
    </div>
        <div class="scenario_outline ">
            <div class="card-body l1">
              <div class="card-header">
                <div class="card-title outline-child">
                  <div class="node" id="43"><span class="badge log fail-bg mr-2">Fail</span>Validate signup functionality in GrotechMinds Banking Application</div>
                </div>
              </div>
              <div class="card-body mt-3 ">
                  <div class="step pass-bg">
                    <span>Given user open the url for banking application</span>
      <div>
      </div>
                  </div>
                  <div class="step pass-bg">
                    <span>And user clicks on SignUp Button in WebPage</span>
      <div>
      </div>
                  </div>
                  <div class="step pass-bg">
                    <span>And user enters the firstname as "Kavita"</span>
      <div>
      </div>
                  </div>
                  <div class="step pass-bg">
                    <span>And user enters the lastname as "Anoor"</span>
      <div>
      </div>
                  </div>
                  <div class="step pass-bg">
                    <span>And user enters the phonenumber as "8884431316"</span>
      <div>
      </div>
                  </div>
                  <div class="step pass-bg">
                    <span>And user enters the dateofBirth as "12-05-2007"</span>
      <div>
      </div>
                  </div>
                  <div class="step pass-bg">
                    <span>And user selects the gender</span>
      <div>
      </div>
                  </div>
                  <div class="step pass-bg">
                    <span>And user enters the cityname as "Bengaluru"</span>
      <div>
      </div>
                  </div>
                  <div class="step pass-bg">
                    <span>And user enters the userid as "137846"</span>
      <div>
      </div>
                  </div>
                  <div class="step pass-bg">
                    <span>And user enters the password as "Test@1234"</span>
      <div>
      </div>
                  </div>
                  <div class="step pass-bg">
                    <span>When user clicks on Submit button</span>
      <div>
      </div>
                  </div>
                  <div class="step fail-bg">
                    <span>Then validate that user is getting proper response from site</span>
      <div>
        <textarea disabled class="code-block">org.openqa.selenium.TimeoutException: Expected condition failed: waiting for text ('Thank you!') to be present in element found by By.cssSelector: div.js-successbox.t-form__successbox (tried for 30 second(s) with 500 milliseconds interval)
Build info: version: '4.18.1', revision: 'b1d3319b48'
System info: os.name: 'Windows 10', os.arch: 'amd64', os.version: '10.0', java.version: '17.0.1'
Driver info: org.openqa.selenium.chrome.ChromeDriver
Capabilities {acceptInsecureCerts: false, browserName: chrome, browserVersion: 135.0.7049.97, chrome: {chromedriverVersion: 135.0.7049.114 (63fd8a7d9d0..., userDataDir: C:\Users\saanv\AppData\Loca...}, fedcm:accounts: true, goog:chromeOptions: {debuggerAddress: localhost:50364}, networkConnectionEnabled: false, pageLoadStrategy: normal, platformName: windows, proxy: Proxy(), se:cdp: ws://localhost:50364/devtoo..., se:cdpVersion: 135.0.7049.97, setWindowRect: true, strictFileInteractability: false, timeouts: {implicit: 0, pageLoad: 300000, script: 30000}, unhandledPromptBehavior: dismiss and notify, webauthn:extension:credBlob: true, webauthn:extension:largeBlob: true, webauthn:extension:minPinLength: true, webauthn:extension:prf: true, webauthn:virtualAuthenticators: true}
Session ID: 46a720143aec22ec2492e36dc3e6ec67
	at org.openqa.selenium.support.ui.WebDriverWait.timeoutException(WebDriverWait.java:84)
	at org.openqa.selenium.support.ui.FluentWait.until(FluentWait.java:228)
	at StepDefinition3.StepDefinition2.validate_that_user_is_getting_proper_response_from_site(StepDefinition2.java:123)
	at ✽.validate that user is getting proper response from site(file:///C:/Users/saanv/eclipse-workspace/Kavita_GroTechMindsBankingProject/BDD_Cucumber_BankingProject/src/test/java/FeatureFiles2/SignUpScenarioNew.feature:15)
</textarea>
      
      </div>
                  </div>
                  <div class="step skip-bg">
                    <span>And also verify that the Title of the page is showing correct value</span>
      <div>Step skipped
      </div>
                  </div>
              </div>
            </div>
        </div>
  </div>
</div>
          </div>
        </li>
      </ul>
    </div>
  </div>
<div class="test-content scrollable">
<div class="test-content-tools">
<ul><li><a class="back-to-test" href="#"><i class="fa fa-arrow-left"></i></a></li></ul>
</div>
<div class="test-content-detail"><div class="detail-body"></div></div>
</div></div>
<div class="test-wrapper row view exception-view attributes-view">
<div class="test-list">
<div class="test-list-tools">
<ul class="tools pull-left"><li><a href=""><span class="font-size-14">Exception</span></a></li></ul>
<ul class="tools text-right"><li><a href="#"><span class="badge badge-primary">2</span></a></li></ul>
</div>
<div class="test-list-wrapper scrollable">
<ul class="test-list-item">
<li class="test-item">
<div class="test-detail">
<span class="meta">
<span class='badge log badge-danger'>1</span>
</span>
<p class="name">org.openqa.selenium.NoSuchSessionException</p>
<p class="duration text-sm">1 tests</p>
</div>
<div class="test-contents d-none">
<div class="info">
<h4>org.openqa.selenium.NoSuchSessionException</h4>
<span status="fail" class='badge log badge-danger'>1 failed</span>
</div>
<table class='table table-sm mt-4'>
<thead>
<tr>
<th class="status-col">Status</th>
<th class="timestamp-col">Timestamp</th>
<th>TestName</th>
</tr>
</thead>
<tbody>
<tr class="tag-test-status" status="fail">
<td><span class="badge log fail-bg">Fail</span></td>
<td>23:21:30 pm</td>
<td>
<a href="#" class="linked" test-id='1' id='6'>And user selects the Customer Name</a>
<div class="">
<span class="badge badge-default">Validate Account Detail Functionality of GrotechMinds Banking Application.Validate Account Detail functionality in GrotechMinds Banking Application.And user selects the Customer Name</span>
</div>
</td>
</tr>
</tbody>
</table>
</div>
</li>
<li class="test-item">
<div class="test-detail">
<span class="meta">
<span class='badge log badge-danger'>2</span>
</span>
<p class="name">org.openqa.selenium.TimeoutException</p>
<p class="duration text-sm">2 tests</p>
</div>
<div class="test-contents d-none">
<div class="info">
<h4>org.openqa.selenium.TimeoutException</h4>
<span status="fail" class='badge log badge-danger'>2 failed</span>
</div>
<table class='table table-sm mt-4'>
<thead>
<tr>
<th class="status-col">Status</th>
<th class="timestamp-col">Timestamp</th>
<th>TestName</th>
</tr>
</thead>
<tbody>
<tr class="tag-test-status" status="fail">
<td><span class="badge log fail-bg">Fail</span></td>
<td>23:23:34 pm</td>
<td>
<a href="#" class="linked" test-id='31' id='39'>Then validate that user able to login succesfully</a>
<div class="">
<span class="badge badge-default">Validate Login Functionality of GrotechMinds Banking Application.Validate Login functionality in GrotechMinds Banking Application.Then validate that user able to login succesfully</span>
</div>
</td>
</tr>
<tr class="tag-test-status" status="fail">
<td><span class="badge log fail-bg">Fail</span></td>
<td>23:24:21 pm</td>
<td>
<a href="#" class="linked" test-id='41' id='55'>Then validate that user is getting proper response from site</a>
<div class="">
<span class="badge badge-default">Validate SignUp Functionality of GrotechMinds Banking Application.Validate signup functionality in GrotechMinds Banking Application.Then validate that user is getting proper response from site</span>
</div>
</td>
</tr>
</tbody>
</table>
</div>
</li>
</ul>
</div>
</div>
<div class="test-content scrollable">
<div class="test-content-detail">
<div class="detail-body"></div>
</div>
</div>
</div><div class="container-fluid p-4 view dashboard-view">
<div class="row">
<div class="col-md-3">
<div class="card"><div class="card-body">
<p class="m-b-0">Started</p>
<h3>Apr 24, 2025 11:21:21 pm</h3>
</div></div>
</div>
<div class="col-md-3">
<div class="card"><div class="card-body">
<p class="m-b-0">Ended</p>
<h3>Apr 24, 2025 11:24:51 pm</h3>
</div></div>
</div>
<div class="col-md-3">
<div class="card"><div class="card-body">
<p class="m-b-0 text-pass">Features Passed</p>
<h3>2</h3>
</div></div>
</div>
<div class="col-md-3">
<div class="card"><div class="card-body">
<p class="m-b-0 text-fail">Features Failed</p>
<h3>3</h3>
</div></div>
</div>
</div>
<div class="row">
<div class="col-md-4">
<div class="card">
<div class="card-header">
<h6 class="card-title">Features</h6>
</div>
<div class="card-body">
<div class="">
<canvas id='parent-analysis' width='115' height='90'></canvas>
</div>
</div>
<div class="card-footer">
<div><small data-tooltip='40%'>
<b>2</b> features passed
</small>
</div>
<div>
<small data-tooltip='60%'><b>3</b> features failed,
<b>0</b> skipped, <b data-tooltip='0%'>0</b> others
</small>
</div>
</div>
</div>
</div>
<div class="col-md-4">
<div class="card">
<div class="card-header">
<h6 class="card-title">Scenarios</h6>
</div>
<div class="card-body">
<div class="">
<canvas id='child-analysis' width='115' height='90'></canvas>
</div>
</div>
<div class="card-footer">
<div><small data-tooltip='40%'><b>2</b> scenarios passed</small></div>
<div>
<small data-tooltip='60%'><b>3</b> scenarios failed,
<b>0</b> skipped, <b data-tooltip='%'>0</b> others
</small>
</div>
</div>
</div>
</div>
<div class="col-md-4">
<div class="card">
<div class="card-header">
<h6 class="card-title">Steps</h6>
</div>
<div class="card-body">
<div class="">
<canvas id='grandchild-analysis' width='115' height='90'></canvas>
</div>
</div>
<div class="card-footer">
<div><small data-tooltip='85%'><b>35</b> steps passed</small></div>
<div>
<small data-tooltip='7%'><b>3</b> steps failed,
<b>3</b> skipped, <b data-tooltip='%'>0</b> others
</small>
</div>
</div>
</div>
</div>
</div>
<div class="row"><div class="col-md-12">
<div class="card"><div class="card-header"><p>Timeline</p></div>
<div class="card-body pt-0"><div>
<canvas id="timeline" height="120"></canvas>
</div></div>
</div>
</div></div>
<script>
var timeline = {
"Validate Account Detail Functionality of GrotechMinds Banking Application":50.461,"Validate ContactsUs Functionality of GrotechMinds Banking Application":44.317,"Validate Forgot password Functionality of GrotechMinds Banking Application":31.622,"Validate Login Functionality of GrotechMinds Banking Application":35.766,"Validate SignUp Functionality of GrotechMinds Banking Application":46.273
};
</script>
<div class="row">
<div class="col-lg-6 col-md-12 sysenv-container">
<div class="card">
<div class="card-header"><p>System/Environment</p></div>
<div class="card-body pb-0 pt-0"><table class="table table-sm table-bordered">
<thead><tr class="bg-gray"><th>Name</th><th>Value</th></tr></thead>
<tbody>
<tr>
<td>AppName</td>
<td>{BhankingApplication}</td>
</tr>
<tr>
<td>user</td>
<td>{Kavita}</td>
</tr>
<tr>
<td>build</td>
<td>{V2.0}</td>
</tr>
</tbody>
</table></div>
</div>
</div>
</div>
</div>
<script>
var statusGroup = {
parentCount: 5,
passParent: 2,
failParent: 3,
warningParent: 0,
skipParent: 0,
childCount: 5,
passChild: 2,
failChild: 3,
warningChild: 0,
skipChild: 0,
infoChild: 0,
grandChildCount: 5,
passGrandChild: 35,
failGrandChild: 3,
warningGrandChild: 0,
skipGrandChild: 3,
infoGrandChild: 0,
eventsCount: 5,
};
</script>        </div>
      </div>
    </div>
  </div>
<script src="https://cdn.jsdelivr.net/gh/extent-framework/extent-github-cdn@d6562a79075e061305ccfdb82f01e5e195e2d307/spark/js/spark-script.js"></script>
<script type="text/javascript"></script></body>
</html>